[2022-08-25 18:03:09,520] INFO Attempting to open connection #1 to MySql (io.confluent.connect.jdbc.util.CachedConnectionProvider:79)
[2022-08-25 18:03:09,720] INFO JdbcDbWriter Connected (io.confluent.connect.jdbc.sink.JdbcDbWriter:56)
[2022-08-25 18:03:09,736] INFO Checking MySql dialect for existence of TABLE "orders" (io.confluent.connect.jdbc.dialect.GenericDatabaseDialect:586)
[2022-08-25 18:03:09,737] INFO Using MySql dialect TABLE "orders" present (io.confluent.connect.jdbc.dialect.GenericDatabaseDialect:594)
[2022-08-25 18:03:09,788] INFO Checking MySql dialect for type of TABLE "orders" (io.confluent.connect.jdbc.dialect.GenericDatabaseDialect:880)
[2022-08-25 18:03:09,791] INFO Setting metadata for table "orders" to Table{name='"orders"', type=TABLE columns=[Column{'order_id', isPrimaryKey=false, allowsNull=false, sqlType=VARCHAR}, Column{'created_at', isPrimaryKey=false, allowsNull=true, sqlType=DATETIME}, Column{'id', isPrimaryKey=true, allowsNull=false, sqlType=INT}, Column{'qty', isPrimaryKey=false, allowsNull=true, sqlType=INT}, Column{'total_price', isPrimaryKey=false, allowsNull=true, sqlType=INT}, Column{'user_id', isPrimaryKey=false, allowsNull=false, sqlType=VARCHAR}, Column{'product_id', isPrimaryKey=false, allowsNull=false, sqlType=VARCHAR}, Column{'unit_price', isPrimaryKey=false, allowsNull=true, sqlType=INT}]} (io.confluent.connect.jdbc.util.TableDefinitions:64)
[2022-08-25 18:03:15,386] INFO WorkerSinkTask{id=my-order-sink-connect-0} Committing offsets asynchronously using sequence number 27: {orders-0=OffsetAndMetadata{offset=1, leaderEpoch=null, metadata=''}} (org.apache.kafka.connect.runtime.WorkerSinkTask:352)
[2022-08-25 18:03:45,405] INFO WorkerSinkTask{id=my-order-sink-connect-0} Committing offsets asynchronously using sequence number 30: {orders-0=OffsetAndMetadata{offset=2, leaderEpoch=null, metadata=''}} (org.apache.kafka.connect.runtime.WorkerSinkTask:352)
[2022-08-25 18:04:25,418] INFO WorkerSinkTask{id=my-order-sink-connect-0} Committing offsets asynchronously using sequence number 34: {orders-0=OffsetAndMetadata{offset=3, leaderEpoch=null, metadata=''}} (org.apache.kafka.connect.runtime.WorkerSinkTask:352)
[2022-08-25 18:04:45,431] INFO WorkerSinkTask{id=my-order-sink-connect-0} Committing offsets asynchronously using sequence number 36: {orders-0=OffsetAndMetadata{offset=4, leaderEpoch=null, metadata=''}} (org.apache.kafka.connect.runtime.WorkerSinkTask:352)
[2022-08-25 18:16:46,971] INFO [Worker clientId=connect-1, groupId=connect-cluster] Group coordinator localhost:9092 (id: 2147483647 rack: null) is unavailable or invalid due to cause: session timed out without receiving a heartbeat response.isDisconnected: false. Rediscovery will be attempted. (org.apache.kafka.clients.consumer.internals.AbstractCoordinator:904)
[2022-08-25 18:16:46,982] INFO [Consumer clientId=connector-consumer-my-order-sink-connect-0, groupId=connect-my-order-sink-connect] Group coordinator localhost:9092 (id: 2147483647 rack: null) is unavailable or invalid due to cause: session timed out without receiving a heartbeat response.isDisconnected: false. Rediscovery will be attempted. (org.apache.kafka.clients.consumer.internals.AbstractCoordinator:904)
[2022-08-25 18:16:47,108] INFO [Worker clientId=connect-1, groupId=connect-cluster] Discovered group coordinator localhost:9092 (id: 2147483647 rack: null) (org.apache.kafka.clients.consumer.internals.AbstractCoordinator:847)
[2022-08-25 18:16:47,110] INFO [Consumer clientId=connector-consumer-my-order-sink-connect-0, groupId=connect-my-order-sink-connect] Discovered group coordinator localhost:9092 (id: 2147483647 rack: null) (org.apache.kafka.clients.consumer.internals.AbstractCoordinator:847)
[2022-08-25 18:16:47,114] INFO [Worker clientId=connect-1, groupId=connect-cluster] Group coordinator localhost:9092 (id: 2147483647 rack: null) is unavailable or invalid due to cause: coordinator unavailable.isDisconnected: false. Rediscovery will be attempted. (org.apache.kafka.clients.consumer.internals.AbstractCoordinator:904)
[2022-08-25 18:16:47,115] INFO [Consumer clientId=connector-consumer-my-order-sink-connect-0, groupId=connect-my-order-sink-connect] Group coordinator localhost:9092 (id: 2147483647 rack: null) is unavailable or invalid due to cause: coordinator unavailable.isDisconnected: false. Rediscovery will be attempted. (org.apache.kafka.clients.consumer.internals.AbstractCoordinator:904)
[2022-08-25 18:16:47,239] INFO [Consumer clientId=connector-consumer-my-order-sink-connect-0, groupId=connect-my-order-sink-connect] Discovered group coordinator localhost:9092 (id: 2147483647 rack: null) (org.apache.kafka.clients.consumer.internals.AbstractCoordinator:847)
[2022-08-25 18:16:47,239] INFO [Worker clientId=connect-1, groupId=connect-cluster] Discovered group coordinator localhost:9092 (id: 2147483647 rack: null) (org.apache.kafka.clients.consumer.internals.AbstractCoordinator:847)
[2022-08-25 18:30:08,512] INFO [Worker clientId=connect-1, groupId=connect-cluster] Group coordinator localhost:9092 (id: 2147483647 rack: null) is unavailable or invalid due to cause: session timed out without receiving a heartbeat response.isDisconnected: false. Rediscovery will be attempted. (org.apache.kafka.clients.consumer.internals.AbstractCoordinator:904)
[2022-08-25 18:30:08,522] INFO [Consumer clientId=connector-consumer-my-order-sink-connect-0, groupId=connect-my-order-sink-connect] Group coordinator localhost:9092 (id: 2147483647 rack: null) is unavailable or invalid due to cause: session timed out without receiving a heartbeat response.isDisconnected: false. Rediscovery will be attempted. (org.apache.kafka.clients.consumer.internals.AbstractCoordinator:904)
[2022-08-25 18:30:08,619] INFO [Consumer clientId=connector-consumer-my-order-sink-connect-0, groupId=connect-my-order-sink-connect] Error sending fetch request (sessionId=974706161, epoch=2030) to node 0: (org.apache.kafka.clients.FetchSessionHandler:481)
org.apache.kafka.common.errors.DisconnectException
[2022-08-25 18:30:08,619] INFO [Worker clientId=connect-1, groupId=connect-cluster] Discovered group coordinator localhost:9092 (id: 2147483647 rack: null) (org.apache.kafka.clients.consumer.internals.AbstractCoordinator:847)
[2022-08-25 18:30:08,644] INFO [Consumer clientId=connector-consumer-my-order-sink-connect-0, groupId=connect-my-order-sink-connect] Discovered group coordinator localhost:9092 (id: 2147483647 rack: null) (org.apache.kafka.clients.consumer.internals.AbstractCoordinator:847)
[2022-08-25 18:32:52,057] INFO Kafka Connect stopping (org.apache.kafka.connect.runtime.Connect:67)
[2022-08-25 18:32:52,069] INFO Stopping REST server (org.apache.kafka.connect.runtime.rest.RestServer:327)
[2022-08-25 18:32:52,092] INFO Stopped http_8083@3c69362a{HTTP/1.1, (http/1.1)}{0.0.0.0:8083} (org.eclipse.jetty.server.AbstractConnector:381)
[2022-08-25 18:32:52,094] INFO node0 Stopped scavenging (org.eclipse.jetty.server.session:149)
[2022-08-25 18:32:52,098] INFO REST server stopped (org.apache.kafka.connect.runtime.rest.RestServer:344)
[2022-08-25 18:32:52,098] INFO [Worker clientId=connect-1, groupId=connect-cluster] Herder stopping (org.apache.kafka.connect.runtime.distributed.DistributedHerder:682)
[2022-08-25 18:32:52,101] INFO [Worker clientId=connect-1, groupId=connect-cluster] Stopping connectors and tasks that are still assigned to this worker. (org.apache.kafka.connect.runtime.distributed.DistributedHerder:656)
[2022-08-25 18:32:52,104] INFO Stopping connector my-order-sink-connect (org.apache.kafka.connect.runtime.Worker:387)
[2022-08-25 18:32:52,104] INFO Stopping task my-order-sink-connect-0 (org.apache.kafka.connect.runtime.Worker:836)
[2022-08-25 18:32:52,104] INFO Scheduled shutdown for WorkerConnector{id=my-order-sink-connect} (org.apache.kafka.connect.runtime.WorkerConnector:249)
[2022-08-25 18:32:52,110] INFO Stopping task (io.confluent.connect.jdbc.sink.JdbcSinkTask:161)
[2022-08-25 18:32:52,111] INFO Closing connection #1 to MySql (io.confluent.connect.jdbc.util.CachedConnectionProvider:105)
[2022-08-25 18:32:52,113] INFO [Consumer clientId=connector-consumer-my-order-sink-connect-0, groupId=connect-my-order-sink-connect] Revoke previously assigned partitions orders-0 (org.apache.kafka.clients.consumer.internals.ConsumerCoordinator:307)
[2022-08-25 18:32:52,114] INFO [Consumer clientId=connector-consumer-my-order-sink-connect-0, groupId=connect-my-order-sink-connect] Member connector-consumer-my-order-sink-connect-0-869e6c0b-0150-41d0-8f08-8702449e3021 sending LeaveGroup request to coordinator localhost:9092 (id: 2147483647 rack: null) due to the consumer is being closed (org.apache.kafka.clients.consumer.internals.AbstractCoordinator:1029)
[2022-08-25 18:32:52,117] INFO Completed shutdown for WorkerConnector{id=my-order-sink-connect} (org.apache.kafka.connect.runtime.WorkerConnector:269)
[2022-08-25 18:32:52,159] INFO Metrics scheduler closed (org.apache.kafka.common.metrics.Metrics:668)
[2022-08-25 18:32:52,160] INFO Closing reporter org.apache.kafka.common.metrics.JmxReporter (org.apache.kafka.common.metrics.Metrics:672)
[2022-08-25 18:32:52,160] INFO Metrics reporters closed (org.apache.kafka.common.metrics.Metrics:678)
[2022-08-25 18:32:52,164] INFO App info kafka.consumer for connector-consumer-my-order-sink-connect-0 unregistered (org.apache.kafka.common.utils.AppInfoParser:83)
[2022-08-25 18:32:52,175] INFO [Worker clientId=connect-1, groupId=connect-cluster] Member connect-1-c5bb8872-6906-4e88-bb21-d97ee74801b6 sending LeaveGroup request to coordinator localhost:9092 (id: 2147483647 rack: null) due to the consumer is being closed (org.apache.kafka.clients.consumer.internals.AbstractCoordinator:1029)
[2022-08-25 18:32:52,177] WARN [Worker clientId=connect-1, groupId=connect-cluster] Close timed out with 1 pending requests to coordinator, terminating client connections (org.apache.kafka.clients.consumer.internals.AbstractCoordinator:1010)
[2022-08-25 18:32:52,177] INFO Metrics scheduler closed (org.apache.kafka.common.metrics.Metrics:668)
[2022-08-25 18:32:52,177] INFO Closing reporter org.apache.kafka.common.metrics.JmxReporter (org.apache.kafka.common.metrics.Metrics:672)
[2022-08-25 18:32:52,177] INFO Metrics reporters closed (org.apache.kafka.common.metrics.Metrics:678)
[2022-08-25 18:32:52,180] INFO App info kafka.connect for connect-1 unregistered (org.apache.kafka.common.utils.AppInfoParser:83)
[2022-08-25 18:32:52,180] INFO Stopping KafkaBasedLog for topic connect-status (org.apache.kafka.connect.util.KafkaBasedLog:170)
[2022-08-25 18:32:52,181] INFO [Producer clientId=producer-2] Closing the Kafka producer with timeoutMillis = 9223372036854775807 ms. (org.apache.kafka.clients.producer.KafkaProducer:1205)
[2022-08-25 18:32:52,184] INFO Metrics scheduler closed (org.apache.kafka.common.metrics.Metrics:668)
[2022-08-25 18:32:52,184] INFO Closing reporter org.apache.kafka.common.metrics.JmxReporter (org.apache.kafka.common.metrics.Metrics:672)
[2022-08-25 18:32:52,185] INFO Metrics reporters closed (org.apache.kafka.common.metrics.Metrics:678)
[2022-08-25 18:32:52,186] INFO App info kafka.producer for producer-2 unregistered (org.apache.kafka.common.utils.AppInfoParser:83)
[2022-08-25 18:32:52,187] INFO Metrics scheduler closed (org.apache.kafka.common.metrics.Metrics:668)
[2022-08-25 18:32:52,187] INFO Closing reporter org.apache.kafka.common.metrics.JmxReporter (org.apache.kafka.common.metrics.Metrics:672)
[2022-08-25 18:32:52,188] INFO Metrics reporters closed (org.apache.kafka.common.metrics.Metrics:678)
[2022-08-25 18:32:52,189] INFO App info kafka.consumer for consumer-connect-cluster-2 unregistered (org.apache.kafka.common.utils.AppInfoParser:83)
[2022-08-25 18:32:52,189] INFO Stopped KafkaBasedLog for topic connect-status (org.apache.kafka.connect.util.KafkaBasedLog:196)
[2022-08-25 18:32:52,189] INFO Closing KafkaConfigBackingStore (org.apache.kafka.connect.storage.KafkaConfigBackingStore:285)
[2022-08-25 18:32:52,189] INFO Stopping KafkaBasedLog for topic connect-configs (org.apache.kafka.connect.util.KafkaBasedLog:170)
[2022-08-25 18:32:52,190] INFO [Producer clientId=producer-3] Closing the Kafka producer with timeoutMillis = 9223372036854775807 ms. (org.apache.kafka.clients.producer.KafkaProducer:1205)
[2022-08-25 18:32:52,190] INFO Metrics scheduler closed (org.apache.kafka.common.metrics.Metrics:668)
[2022-08-25 18:32:52,191] INFO Closing reporter org.apache.kafka.common.metrics.JmxReporter (org.apache.kafka.common.metrics.Metrics:672)
[2022-08-25 18:32:52,191] INFO Metrics reporters closed (org.apache.kafka.common.metrics.Metrics:678)
[2022-08-25 18:32:52,191] INFO App info kafka.producer for producer-3 unregistered (org.apache.kafka.common.utils.AppInfoParser:83)
[2022-08-25 18:32:52,192] INFO Metrics scheduler closed (org.apache.kafka.common.metrics.Metrics:668)
[2022-08-25 18:32:52,192] INFO Closing reporter org.apache.kafka.common.metrics.JmxReporter (org.apache.kafka.common.metrics.Metrics:672)
[2022-08-25 18:32:52,192] INFO Metrics reporters closed (org.apache.kafka.common.metrics.Metrics:678)
[2022-08-25 18:32:52,193] INFO App info kafka.consumer for consumer-connect-cluster-3 unregistered (org.apache.kafka.common.utils.AppInfoParser:83)
[2022-08-25 18:32:52,193] INFO Stopped KafkaBasedLog for topic connect-configs (org.apache.kafka.connect.util.KafkaBasedLog:196)
[2022-08-25 18:32:52,193] INFO Closed KafkaConfigBackingStore (org.apache.kafka.connect.storage.KafkaConfigBackingStore:287)
[2022-08-25 18:32:52,193] INFO Worker stopping (org.apache.kafka.connect.runtime.Worker:209)
[2022-08-25 18:32:52,193] INFO Stopping KafkaOffsetBackingStore (org.apache.kafka.connect.storage.KafkaOffsetBackingStore:134)
[2022-08-25 18:32:52,194] INFO Stopping KafkaBasedLog for topic connect-offsets (org.apache.kafka.connect.util.KafkaBasedLog:170)
[2022-08-25 18:32:52,195] INFO [Producer clientId=producer-1] Closing the Kafka producer with timeoutMillis = 9223372036854775807 ms. (org.apache.kafka.clients.producer.KafkaProducer:1205)
[2022-08-25 18:32:52,196] INFO Metrics scheduler closed (org.apache.kafka.common.metrics.Metrics:668)
[2022-08-25 18:32:52,196] INFO Closing reporter org.apache.kafka.common.metrics.JmxReporter (org.apache.kafka.common.metrics.Metrics:672)
[2022-08-25 18:32:52,196] INFO Metrics reporters closed (org.apache.kafka.common.metrics.Metrics:678)
[2022-08-25 18:32:52,197] INFO App info kafka.producer for producer-1 unregistered (org.apache.kafka.common.utils.AppInfoParser:83)
[2022-08-25 18:32:52,198] INFO Metrics scheduler closed (org.apache.kafka.common.metrics.Metrics:668)
[2022-08-25 18:32:52,198] INFO Closing reporter org.apache.kafka.common.metrics.JmxReporter (org.apache.kafka.common.metrics.Metrics:672)
[2022-08-25 18:32:52,198] INFO Metrics reporters closed (org.apache.kafka.common.metrics.Metrics:678)
[2022-08-25 18:32:52,199] INFO App info kafka.consumer for consumer-connect-cluster-1 unregistered (org.apache.kafka.common.utils.AppInfoParser:83)
[2022-08-25 18:32:52,199] INFO Stopped KafkaBasedLog for topic connect-offsets (org.apache.kafka.connect.util.KafkaBasedLog:196)
[2022-08-25 18:32:52,199] INFO Stopped KafkaOffsetBackingStore (org.apache.kafka.connect.storage.KafkaOffsetBackingStore:136)
[2022-08-25 18:32:52,199] INFO Metrics scheduler closed (org.apache.kafka.common.metrics.Metrics:668)
[2022-08-25 18:32:52,200] INFO Closing reporter org.apache.kafka.common.metrics.JmxReporter (org.apache.kafka.common.metrics.Metrics:672)
[2022-08-25 18:32:52,200] INFO Metrics reporters closed (org.apache.kafka.common.metrics.Metrics:678)
[2022-08-25 18:32:52,200] INFO App info kafka.connect for 127.0.0.1:8083 unregistered (org.apache.kafka.common.utils.AppInfoParser:83)
[2022-08-25 18:32:52,200] INFO Worker stopped (org.apache.kafka.connect.runtime.Worker:230)
[2022-08-25 18:32:52,202] INFO [Worker clientId=connect-1, groupId=connect-cluster] Herder stopped (org.apache.kafka.connect.runtime.distributed.DistributedHerder:300)
[2022-08-25 18:32:52,206] INFO [Worker clientId=connect-1, groupId=connect-cluster] Herder stopped (org.apache.kafka.connect.runtime.distributed.DistributedHerder:702)
[2022-08-25 18:32:52,207] INFO Kafka Connect stopped (org.apache.kafka.connect.runtime.Connect:72)
