[2022-08-11 17:01:17,082] INFO Creating topic my_topic_users with configuration {} and initial partition assignment HashMap(0 -> ArrayBuffer(0)) (kafka.zk.AdminZkClient)
[2022-08-11 17:01:17,266] INFO [Controller id=0, targetBrokerId=0] Node 0 disconnected. (org.apache.kafka.clients.NetworkClient)
[2022-08-11 17:01:17,290] INFO [ReplicaFetcherManager on broker 0] Removed fetcher for partitions Set(my_topic_users-0) (kafka.server.ReplicaFetcherManager)
[2022-08-11 17:01:17,301] INFO [LogLoader partition=my_topic_users-0, dir=/tmp/kafka-logs] Loading producer state till offset 0 with message format version 2 (kafka.log.UnifiedLog$)
[2022-08-11 17:01:17,303] INFO Created log for partition my_topic_users-0 in /tmp/kafka-logs/my_topic_users-0 with properties {} (kafka.log.LogManager)
[2022-08-11 17:01:17,321] INFO [Partition my_topic_users-0 broker=0] No checkpointed highwatermark is found for partition my_topic_users-0 (kafka.cluster.Partition)
[2022-08-11 17:01:17,321] INFO [Partition my_topic_users-0 broker=0] Log loaded for partition my_topic_users-0 with initial high watermark 0 (kafka.cluster.Partition)
[2022-08-11 17:02:09,559] INFO [GroupCoordinator 0]: Dynamic member with unknown member id joins group console-consumer-10629 in Empty state. Created a new member id console-consumer-15677444-cbff-4d62-9f09-46dc7ed3814a and request the member to rejoin with this id. (kafka.coordinator.group.GroupCoordinator)
[2022-08-11 17:02:09,563] INFO [GroupCoordinator 0]: Preparing to rebalance group console-consumer-10629 in state PreparingRebalance with old generation 0 (__consumer_offsets-49) (reason: Adding new member console-consumer-15677444-cbff-4d62-9f09-46dc7ed3814a with group instance id None; client reason: rebalance failed due to MemberIdRequiredException) (kafka.coordinator.group.GroupCoordinator)
[2022-08-11 17:02:09,570] INFO [GroupCoordinator 0]: Stabilized group console-consumer-10629 generation 1 (__consumer_offsets-49) with 1 members (kafka.coordinator.group.GroupCoordinator)
[2022-08-11 17:02:09,580] INFO [GroupCoordinator 0]: Assignment received from leader console-consumer-15677444-cbff-4d62-9f09-46dc7ed3814a for group console-consumer-10629 for generation 1. The group has 1 members, 0 of which are static. (kafka.coordinator.group.GroupCoordinator)
[2022-08-11 17:12:31,858] INFO [GroupCoordinator 0]: Preparing to rebalance group connect-cluster in state PreparingRebalance with old generation 9 (__consumer_offsets-13) (reason: Leader connect-1-2b845ce1-3904-4ac9-8e2d-06f664ed3620 re-joining group during Stable; client reason: not provided) (kafka.coordinator.group.GroupCoordinator)
[2022-08-11 17:12:31,859] INFO [GroupCoordinator 0]: Stabilized group connect-cluster generation 10 (__consumer_offsets-13) with 1 members (kafka.coordinator.group.GroupCoordinator)
[2022-08-11 17:12:31,873] INFO [GroupCoordinator 0]: Assignment received from leader connect-1-2b845ce1-3904-4ac9-8e2d-06f664ed3620 for group connect-cluster for generation 10. The group has 1 members, 0 of which are static. (kafka.coordinator.group.GroupCoordinator)
[2022-08-11 17:12:32,888] INFO [GroupCoordinator 0]: Preparing to rebalance group connect-cluster in state PreparingRebalance with old generation 10 (__consumer_offsets-13) (reason: Leader connect-1-2b845ce1-3904-4ac9-8e2d-06f664ed3620 re-joining group during Stable; client reason: not provided) (kafka.coordinator.group.GroupCoordinator)
[2022-08-11 17:12:32,890] INFO [GroupCoordinator 0]: Stabilized group connect-cluster generation 11 (__consumer_offsets-13) with 1 members (kafka.coordinator.group.GroupCoordinator)
[2022-08-11 17:12:32,904] INFO [GroupCoordinator 0]: Assignment received from leader connect-1-2b845ce1-3904-4ac9-8e2d-06f664ed3620 for group connect-cluster for generation 11. The group has 1 members, 0 of which are static. (kafka.coordinator.group.GroupCoordinator)
[2022-08-11 17:12:32,994] INFO [GroupCoordinator 0]: Dynamic member with unknown member id joins group connect-my-sink-connect in Empty state. Created a new member id connector-consumer-my-sink-connect-0-88d1fc82-144d-4e06-935a-2a296abfc069 and request the member to rejoin with this id. (kafka.coordinator.group.GroupCoordinator)
[2022-08-11 17:12:32,998] INFO [GroupCoordinator 0]: Preparing to rebalance group connect-my-sink-connect in state PreparingRebalance with old generation 0 (__consumer_offsets-16) (reason: Adding new member connector-consumer-my-sink-connect-0-88d1fc82-144d-4e06-935a-2a296abfc069 with group instance id None; client reason: not provided) (kafka.coordinator.group.GroupCoordinator)
[2022-08-11 17:12:33,001] INFO [GroupCoordinator 0]: Stabilized group connect-my-sink-connect generation 1 (__consumer_offsets-16) with 1 members (kafka.coordinator.group.GroupCoordinator)
[2022-08-11 17:12:33,009] INFO [GroupCoordinator 0]: Assignment received from leader connector-consumer-my-sink-connect-0-88d1fc82-144d-4e06-935a-2a296abfc069 for group connect-my-sink-connect for generation 1. The group has 1 members, 0 of which are static. (kafka.coordinator.group.GroupCoordinator)
[2022-08-11 17:18:42,921] INFO [GroupCoordinator 0]: Preparing to rebalance group connect-my-sink-connect in state PreparingRebalance with old generation 1 (__consumer_offsets-16) (reason: Removing member connector-consumer-my-sink-connect-0-88d1fc82-144d-4e06-935a-2a296abfc069 on LeaveGroup; client reason: not provided) (kafka.coordinator.group.GroupCoordinator)
[2022-08-11 17:18:42,922] INFO [GroupCoordinator 0]: Group connect-my-sink-connect with generation 2 is now empty (__consumer_offsets-16) (kafka.coordinator.group.GroupCoordinator)
[2022-08-11 17:18:42,924] INFO [GroupCoordinator 0]: Member MemberMetadata(memberId=connector-consumer-my-sink-connect-0-88d1fc82-144d-4e06-935a-2a296abfc069, groupInstanceId=None, clientId=connector-consumer-my-sink-connect-0, clientHost=/127.0.0.1, sessionTimeoutMs=10000, rebalanceTimeoutMs=300000, supportedProtocols=List(range)) has left group connect-my-sink-connect through explicit `LeaveGroup`; client reason: not provided (kafka.coordinator.group.GroupCoordinator)
[2022-08-11 17:22:28,541] INFO [GroupCoordinator 0]: Preparing to rebalance group connect-cluster in state PreparingRebalance with old generation 11 (__consumer_offsets-13) (reason: Leader connect-1-2b845ce1-3904-4ac9-8e2d-06f664ed3620 re-joining group during Stable; client reason: not provided) (kafka.coordinator.group.GroupCoordinator)
[2022-08-11 17:22:28,542] INFO [GroupCoordinator 0]: Stabilized group connect-cluster generation 12 (__consumer_offsets-13) with 1 members (kafka.coordinator.group.GroupCoordinator)
[2022-08-11 17:22:28,557] INFO [GroupCoordinator 0]: Assignment received from leader connect-1-2b845ce1-3904-4ac9-8e2d-06f664ed3620 for group connect-cluster for generation 12. The group has 1 members, 0 of which are static. (kafka.coordinator.group.GroupCoordinator)
[2022-08-11 17:22:28,589] INFO [GroupCoordinator 0]: Preparing to rebalance group connect-cluster in state PreparingRebalance with old generation 12 (__consumer_offsets-13) (reason: Leader connect-1-2b845ce1-3904-4ac9-8e2d-06f664ed3620 re-joining group during Stable; client reason: not provided) (kafka.coordinator.group.GroupCoordinator)
[2022-08-11 17:22:28,589] INFO [GroupCoordinator 0]: Stabilized group connect-cluster generation 13 (__consumer_offsets-13) with 1 members (kafka.coordinator.group.GroupCoordinator)
[2022-08-11 17:22:28,612] INFO [GroupCoordinator 0]: Assignment received from leader connect-1-2b845ce1-3904-4ac9-8e2d-06f664ed3620 for group connect-cluster for generation 13. The group has 1 members, 0 of which are static. (kafka.coordinator.group.GroupCoordinator)
[2022-08-11 17:22:37,592] INFO [GroupCoordinator 0]: Preparing to rebalance group connect-cluster in state PreparingRebalance with old generation 13 (__consumer_offsets-13) (reason: Leader connect-1-2b845ce1-3904-4ac9-8e2d-06f664ed3620 re-joining group during Stable; client reason: not provided) (kafka.coordinator.group.GroupCoordinator)
[2022-08-11 17:22:37,593] INFO [GroupCoordinator 0]: Stabilized group connect-cluster generation 14 (__consumer_offsets-13) with 1 members (kafka.coordinator.group.GroupCoordinator)
[2022-08-11 17:22:37,596] INFO [GroupCoordinator 0]: Assignment received from leader connect-1-2b845ce1-3904-4ac9-8e2d-06f664ed3620 for group connect-cluster for generation 14. The group has 1 members, 0 of which are static. (kafka.coordinator.group.GroupCoordinator)
[2022-08-11 17:22:38,128] INFO [GroupCoordinator 0]: Preparing to rebalance group connect-cluster in state PreparingRebalance with old generation 14 (__consumer_offsets-13) (reason: Leader connect-1-2b845ce1-3904-4ac9-8e2d-06f664ed3620 re-joining group during Stable; client reason: not provided) (kafka.coordinator.group.GroupCoordinator)
[2022-08-11 17:22:38,128] INFO [GroupCoordinator 0]: Stabilized group connect-cluster generation 15 (__consumer_offsets-13) with 1 members (kafka.coordinator.group.GroupCoordinator)
[2022-08-11 17:22:38,135] INFO [GroupCoordinator 0]: Assignment received from leader connect-1-2b845ce1-3904-4ac9-8e2d-06f664ed3620 for group connect-cluster for generation 15. The group has 1 members, 0 of which are static. (kafka.coordinator.group.GroupCoordinator)
[2022-08-11 17:22:38,202] INFO [GroupCoordinator 0]: Dynamic member with unknown member id joins group connect-my-sink-connect in Empty state. Created a new member id connector-consumer-my-sink-connect-0-dbf83db9-e677-44d8-a55c-d02766ee2f65 and request the member to rejoin with this id. (kafka.coordinator.group.GroupCoordinator)
[2022-08-11 17:22:38,203] INFO [GroupCoordinator 0]: Preparing to rebalance group connect-my-sink-connect in state PreparingRebalance with old generation 2 (__consumer_offsets-16) (reason: Adding new member connector-consumer-my-sink-connect-0-dbf83db9-e677-44d8-a55c-d02766ee2f65 with group instance id None; client reason: not provided) (kafka.coordinator.group.GroupCoordinator)
[2022-08-11 17:22:38,204] INFO [GroupCoordinator 0]: Stabilized group connect-my-sink-connect generation 3 (__consumer_offsets-16) with 1 members (kafka.coordinator.group.GroupCoordinator)
[2022-08-11 17:22:38,212] INFO [GroupCoordinator 0]: Assignment received from leader connector-consumer-my-sink-connect-0-dbf83db9-e677-44d8-a55c-d02766ee2f65 for group connect-my-sink-connect for generation 3. The group has 1 members, 0 of which are static. (kafka.coordinator.group.GroupCoordinator)
[2022-08-11 17:22:38,237] INFO [GroupCoordinator 0]: Preparing to rebalance group connect-my-sink-connect in state PreparingRebalance with old generation 3 (__consumer_offsets-16) (reason: Removing member connector-consumer-my-sink-connect-0-dbf83db9-e677-44d8-a55c-d02766ee2f65 on LeaveGroup; client reason: not provided) (kafka.coordinator.group.GroupCoordinator)
[2022-08-11 17:22:38,237] INFO [GroupCoordinator 0]: Group connect-my-sink-connect with generation 4 is now empty (__consumer_offsets-16) (kafka.coordinator.group.GroupCoordinator)
[2022-08-11 17:22:38,239] INFO [GroupCoordinator 0]: Member MemberMetadata(memberId=connector-consumer-my-sink-connect-0-dbf83db9-e677-44d8-a55c-d02766ee2f65, groupInstanceId=None, clientId=connector-consumer-my-sink-connect-0, clientHost=/127.0.0.1, sessionTimeoutMs=10000, rebalanceTimeoutMs=300000, supportedProtocols=List(range)) has left group connect-my-sink-connect through explicit `LeaveGroup`; client reason: not provided (kafka.coordinator.group.GroupCoordinator)
[2022-08-11 17:24:23,414] INFO [GroupCoordinator 0]: Preparing to rebalance group connect-cluster in state PreparingRebalance with old generation 15 (__consumer_offsets-13) (reason: Leader connect-1-2b845ce1-3904-4ac9-8e2d-06f664ed3620 re-joining group during Stable; client reason: not provided) (kafka.coordinator.group.GroupCoordinator)
[2022-08-11 17:24:23,414] INFO [GroupCoordinator 0]: Stabilized group connect-cluster generation 16 (__consumer_offsets-13) with 1 members (kafka.coordinator.group.GroupCoordinator)
[2022-08-11 17:24:23,419] INFO [GroupCoordinator 0]: Assignment received from leader connect-1-2b845ce1-3904-4ac9-8e2d-06f664ed3620 for group connect-cluster for generation 16. The group has 1 members, 0 of which are static. (kafka.coordinator.group.GroupCoordinator)
[2022-08-11 17:24:23,469] INFO [GroupCoordinator 0]: Preparing to rebalance group connect-cluster in state PreparingRebalance with old generation 16 (__consumer_offsets-13) (reason: Leader connect-1-2b845ce1-3904-4ac9-8e2d-06f664ed3620 re-joining group during Stable; client reason: not provided) (kafka.coordinator.group.GroupCoordinator)
[2022-08-11 17:24:23,469] INFO [GroupCoordinator 0]: Stabilized group connect-cluster generation 17 (__consumer_offsets-13) with 1 members (kafka.coordinator.group.GroupCoordinator)
[2022-08-11 17:24:23,472] INFO [GroupCoordinator 0]: Assignment received from leader connect-1-2b845ce1-3904-4ac9-8e2d-06f664ed3620 for group connect-cluster for generation 17. The group has 1 members, 0 of which are static. (kafka.coordinator.group.GroupCoordinator)
[2022-08-11 17:24:29,583] INFO [GroupCoordinator 0]: Preparing to rebalance group connect-cluster in state PreparingRebalance with old generation 17 (__consumer_offsets-13) (reason: Leader connect-1-2b845ce1-3904-4ac9-8e2d-06f664ed3620 re-joining group during Stable; client reason: not provided) (kafka.coordinator.group.GroupCoordinator)
[2022-08-11 17:24:29,584] INFO [GroupCoordinator 0]: Stabilized group connect-cluster generation 18 (__consumer_offsets-13) with 1 members (kafka.coordinator.group.GroupCoordinator)
[2022-08-11 17:24:29,594] INFO [GroupCoordinator 0]: Assignment received from leader connect-1-2b845ce1-3904-4ac9-8e2d-06f664ed3620 for group connect-cluster for generation 18. The group has 1 members, 0 of which are static. (kafka.coordinator.group.GroupCoordinator)
[2022-08-11 17:24:30,165] INFO [GroupCoordinator 0]: Preparing to rebalance group connect-cluster in state PreparingRebalance with old generation 18 (__consumer_offsets-13) (reason: Leader connect-1-2b845ce1-3904-4ac9-8e2d-06f664ed3620 re-joining group during Stable; client reason: not provided) (kafka.coordinator.group.GroupCoordinator)
[2022-08-11 17:24:30,165] INFO [GroupCoordinator 0]: Stabilized group connect-cluster generation 19 (__consumer_offsets-13) with 1 members (kafka.coordinator.group.GroupCoordinator)
[2022-08-11 17:24:30,171] INFO [GroupCoordinator 0]: Assignment received from leader connect-1-2b845ce1-3904-4ac9-8e2d-06f664ed3620 for group connect-cluster for generation 19. The group has 1 members, 0 of which are static. (kafka.coordinator.group.GroupCoordinator)
[2022-08-11 17:24:30,276] INFO [GroupCoordinator 0]: Dynamic member with unknown member id joins group connect-my-sink-connect in Empty state. Created a new member id connector-consumer-my-sink-connect-0-3b2aff9b-cb74-4b7f-974b-fec7c636eebc and request the member to rejoin with this id. (kafka.coordinator.group.GroupCoordinator)
[2022-08-11 17:24:30,278] INFO [GroupCoordinator 0]: Preparing to rebalance group connect-my-sink-connect in state PreparingRebalance with old generation 4 (__consumer_offsets-16) (reason: Adding new member connector-consumer-my-sink-connect-0-3b2aff9b-cb74-4b7f-974b-fec7c636eebc with group instance id None; client reason: not provided) (kafka.coordinator.group.GroupCoordinator)
[2022-08-11 17:24:30,282] INFO [GroupCoordinator 0]: Stabilized group connect-my-sink-connect generation 5 (__consumer_offsets-16) with 1 members (kafka.coordinator.group.GroupCoordinator)
[2022-08-11 17:24:30,285] INFO [GroupCoordinator 0]: Assignment received from leader connector-consumer-my-sink-connect-0-3b2aff9b-cb74-4b7f-974b-fec7c636eebc for group connect-my-sink-connect for generation 5. The group has 1 members, 0 of which are static. (kafka.coordinator.group.GroupCoordinator)
[2022-08-11 17:24:30,303] INFO [GroupCoordinator 0]: Preparing to rebalance group connect-my-sink-connect in state PreparingRebalance with old generation 5 (__consumer_offsets-16) (reason: Removing member connector-consumer-my-sink-connect-0-3b2aff9b-cb74-4b7f-974b-fec7c636eebc on LeaveGroup; client reason: not provided) (kafka.coordinator.group.GroupCoordinator)
[2022-08-11 17:24:30,303] INFO [GroupCoordinator 0]: Group connect-my-sink-connect with generation 6 is now empty (__consumer_offsets-16) (kafka.coordinator.group.GroupCoordinator)
[2022-08-11 17:24:30,304] INFO [GroupCoordinator 0]: Member MemberMetadata(memberId=connector-consumer-my-sink-connect-0-3b2aff9b-cb74-4b7f-974b-fec7c636eebc, groupInstanceId=None, clientId=connector-consumer-my-sink-connect-0, clientHost=/127.0.0.1, sessionTimeoutMs=10000, rebalanceTimeoutMs=300000, supportedProtocols=List(range)) has left group connect-my-sink-connect through explicit `LeaveGroup`; client reason: not provided (kafka.coordinator.group.GroupCoordinator)
[2022-08-11 17:26:33,691] INFO [GroupCoordinator 0]: Preparing to rebalance group console-consumer-10629 in state PreparingRebalance with old generation 1 (__consumer_offsets-49) (reason: Removing member console-consumer-15677444-cbff-4d62-9f09-46dc7ed3814a on LeaveGroup; client reason: the consumer is being closed) (kafka.coordinator.group.GroupCoordinator)
[2022-08-11 17:26:33,692] INFO [GroupCoordinator 0]: Group console-consumer-10629 with generation 2 is now empty (__consumer_offsets-49) (kafka.coordinator.group.GroupCoordinator)
[2022-08-11 17:26:33,693] INFO [GroupCoordinator 0]: Member MemberMetadata(memberId=console-consumer-15677444-cbff-4d62-9f09-46dc7ed3814a, groupInstanceId=None, clientId=console-consumer, clientHost=/127.0.0.1, sessionTimeoutMs=45000, rebalanceTimeoutMs=300000, supportedProtocols=List(range, cooperative-sticky)) has left group console-consumer-10629 through explicit `LeaveGroup`; client reason: the consumer is being closed (kafka.coordinator.group.GroupCoordinator)
[2022-08-11 17:29:33,527] INFO Terminating process due to signal SIGINT (org.apache.kafka.common.utils.LoggingSignalHandler)
[2022-08-11 17:29:33,537] INFO [KafkaServer id=0] shutting down (kafka.server.KafkaServer)
[2022-08-11 17:29:33,542] INFO [KafkaServer id=0] Starting controlled shutdown (kafka.server.KafkaServer)
[2022-08-11 17:29:33,618] INFO [KafkaServer id=0] Controlled shutdown request returned successfully after 20ms (kafka.server.KafkaServer)
[2022-08-11 17:29:33,628] INFO [/config/changes-event-process-thread]: Shutting down (kafka.common.ZkNodeChangeNotificationListener$ChangeEventProcessThread)
[2022-08-11 17:29:33,630] INFO [/config/changes-event-process-thread]: Stopped (kafka.common.ZkNodeChangeNotificationListener$ChangeEventProcessThread)
[2022-08-11 17:29:33,632] INFO [/config/changes-event-process-thread]: Shutdown completed (kafka.common.ZkNodeChangeNotificationListener$ChangeEventProcessThread)
[2022-08-11 17:29:33,633] INFO [SocketServer listenerType=ZK_BROKER, nodeId=0] Stopping socket server request processors (kafka.network.SocketServer)
[2022-08-11 17:29:33,667] INFO [SocketServer listenerType=ZK_BROKER, nodeId=0] Stopped socket server request processors (kafka.network.SocketServer)
[2022-08-11 17:29:33,669] INFO [data-plane Kafka Request Handler on Broker 0], shutting down (kafka.server.KafkaRequestHandlerPool)
[2022-08-11 17:29:33,679] INFO [data-plane Kafka Request Handler on Broker 0], shut down completely (kafka.server.KafkaRequestHandlerPool)
[2022-08-11 17:29:33,693] INFO [ExpirationReaper-0-AlterAcls]: Shutting down (kafka.server.DelayedOperationPurgatory$ExpiredOperationReaper)
[2022-08-11 17:29:33,698] INFO [ExpirationReaper-0-AlterAcls]: Stopped (kafka.server.DelayedOperationPurgatory$ExpiredOperationReaper)
[2022-08-11 17:29:33,698] INFO [ExpirationReaper-0-AlterAcls]: Shutdown completed (kafka.server.DelayedOperationPurgatory$ExpiredOperationReaper)
[2022-08-11 17:29:33,699] INFO [KafkaApi-0] Shutdown complete. (kafka.server.KafkaApis)
[2022-08-11 17:29:33,701] INFO [ExpirationReaper-0-topic]: Shutting down (kafka.server.DelayedOperationPurgatory$ExpiredOperationReaper)
[2022-08-11 17:29:33,705] INFO [ExpirationReaper-0-topic]: Stopped (kafka.server.DelayedOperationPurgatory$ExpiredOperationReaper)
[2022-08-11 17:29:33,705] INFO [ExpirationReaper-0-topic]: Shutdown completed (kafka.server.DelayedOperationPurgatory$ExpiredOperationReaper)
[2022-08-11 17:29:33,707] INFO [TransactionCoordinator id=0] Shutting down. (kafka.coordinator.transaction.TransactionCoordinator)
[2022-08-11 17:29:33,712] INFO [Transaction State Manager 0]: Shutdown complete (kafka.coordinator.transaction.TransactionStateManager)
[2022-08-11 17:29:33,712] INFO [Transaction Marker Channel Manager 0]: Shutting down (kafka.coordinator.transaction.TransactionMarkerChannelManager)
[2022-08-11 17:29:33,713] INFO [Transaction Marker Channel Manager 0]: Shutdown completed (kafka.coordinator.transaction.TransactionMarkerChannelManager)
[2022-08-11 17:29:33,713] INFO [Transaction Marker Channel Manager 0]: Stopped (kafka.coordinator.transaction.TransactionMarkerChannelManager)
[2022-08-11 17:29:33,718] INFO [TransactionCoordinator id=0] Shutdown complete. (kafka.coordinator.transaction.TransactionCoordinator)
[2022-08-11 17:29:33,719] INFO [GroupCoordinator 0]: Shutting down. (kafka.coordinator.group.GroupCoordinator)
[2022-08-11 17:29:33,720] INFO [ExpirationReaper-0-Heartbeat]: Shutting down (kafka.server.DelayedOperationPurgatory$ExpiredOperationReaper)
[2022-08-11 17:29:33,721] INFO [ExpirationReaper-0-Heartbeat]: Stopped (kafka.server.DelayedOperationPurgatory$ExpiredOperationReaper)
[2022-08-11 17:29:33,722] INFO [ExpirationReaper-0-Heartbeat]: Shutdown completed (kafka.server.DelayedOperationPurgatory$ExpiredOperationReaper)
[2022-08-11 17:29:33,723] INFO [ExpirationReaper-0-Rebalance]: Shutting down (kafka.server.DelayedOperationPurgatory$ExpiredOperationReaper)
[2022-08-11 17:29:33,724] INFO [ExpirationReaper-0-Rebalance]: Stopped (kafka.server.DelayedOperationPurgatory$ExpiredOperationReaper)
[2022-08-11 17:29:33,724] INFO [ExpirationReaper-0-Rebalance]: Shutdown completed (kafka.server.DelayedOperationPurgatory$ExpiredOperationReaper)
[2022-08-11 17:29:33,725] INFO [GroupCoordinator 0]: Shutdown complete. (kafka.coordinator.group.GroupCoordinator)
[2022-08-11 17:29:33,726] INFO [ReplicaManager broker=0] Shutting down (kafka.server.ReplicaManager)
[2022-08-11 17:29:33,726] INFO [LogDirFailureHandler]: Shutting down (kafka.server.ReplicaManager$LogDirFailureHandler)
[2022-08-11 17:29:33,726] INFO [LogDirFailureHandler]: Stopped (kafka.server.ReplicaManager$LogDirFailureHandler)
[2022-08-11 17:29:33,727] INFO [LogDirFailureHandler]: Shutdown completed (kafka.server.ReplicaManager$LogDirFailureHandler)
[2022-08-11 17:29:33,727] INFO [ReplicaFetcherManager on broker 0] shutting down (kafka.server.ReplicaFetcherManager)
[2022-08-11 17:29:33,728] INFO [ReplicaFetcherManager on broker 0] shutdown completed (kafka.server.ReplicaFetcherManager)
[2022-08-11 17:29:33,728] INFO [ReplicaAlterLogDirsManager on broker 0] shutting down (kafka.server.ReplicaAlterLogDirsManager)
[2022-08-11 17:29:33,729] INFO [ReplicaAlterLogDirsManager on broker 0] shutdown completed (kafka.server.ReplicaAlterLogDirsManager)
[2022-08-11 17:29:33,729] INFO [ExpirationReaper-0-Fetch]: Shutting down (kafka.server.DelayedOperationPurgatory$ExpiredOperationReaper)
[2022-08-11 17:29:33,730] INFO [ExpirationReaper-0-Fetch]: Stopped (kafka.server.DelayedOperationPurgatory$ExpiredOperationReaper)
[2022-08-11 17:29:33,730] INFO [ExpirationReaper-0-Fetch]: Shutdown completed (kafka.server.DelayedOperationPurgatory$ExpiredOperationReaper)
[2022-08-11 17:29:33,730] INFO [ExpirationReaper-0-Produce]: Shutting down (kafka.server.DelayedOperationPurgatory$ExpiredOperationReaper)
[2022-08-11 17:29:33,731] INFO [ExpirationReaper-0-Produce]: Stopped (kafka.server.DelayedOperationPurgatory$ExpiredOperationReaper)
[2022-08-11 17:29:33,732] INFO [ExpirationReaper-0-Produce]: Shutdown completed (kafka.server.DelayedOperationPurgatory$ExpiredOperationReaper)
[2022-08-11 17:29:33,732] INFO [ExpirationReaper-0-DeleteRecords]: Shutting down (kafka.server.DelayedOperationPurgatory$ExpiredOperationReaper)
[2022-08-11 17:29:33,734] INFO [ExpirationReaper-0-DeleteRecords]: Stopped (kafka.server.DelayedOperationPurgatory$ExpiredOperationReaper)
[2022-08-11 17:29:33,734] INFO [ExpirationReaper-0-DeleteRecords]: Shutdown completed (kafka.server.DelayedOperationPurgatory$ExpiredOperationReaper)
[2022-08-11 17:29:33,735] INFO [ExpirationReaper-0-ElectLeader]: Shutting down (kafka.server.DelayedOperationPurgatory$ExpiredOperationReaper)
[2022-08-11 17:29:33,737] INFO [ExpirationReaper-0-ElectLeader]: Stopped (kafka.server.DelayedOperationPurgatory$ExpiredOperationReaper)
[2022-08-11 17:29:33,737] INFO [ExpirationReaper-0-ElectLeader]: Shutdown completed (kafka.server.DelayedOperationPurgatory$ExpiredOperationReaper)
[2022-08-11 17:29:33,759] INFO [ReplicaManager broker=0] Shut down completely (kafka.server.ReplicaManager)
[2022-08-11 17:29:33,759] INFO [BrokerToControllerChannelManager broker=0 name=alterPartition]: Shutting down (kafka.server.BrokerToControllerRequestThread)
[2022-08-11 17:29:33,760] INFO [BrokerToControllerChannelManager broker=0 name=alterPartition]: Stopped (kafka.server.BrokerToControllerRequestThread)
[2022-08-11 17:29:33,760] INFO [BrokerToControllerChannelManager broker=0 name=alterPartition]: Shutdown completed (kafka.server.BrokerToControllerRequestThread)
[2022-08-11 17:29:33,761] INFO Broker to controller channel manager for alterPartition shutdown (kafka.server.BrokerToControllerChannelManagerImpl)
[2022-08-11 17:29:33,761] INFO [BrokerToControllerChannelManager broker=0 name=forwarding]: Shutting down (kafka.server.BrokerToControllerRequestThread)
[2022-08-11 17:29:33,762] INFO [BrokerToControllerChannelManager broker=0 name=forwarding]: Stopped (kafka.server.BrokerToControllerRequestThread)
[2022-08-11 17:29:33,762] INFO [BrokerToControllerChannelManager broker=0 name=forwarding]: Shutdown completed (kafka.server.BrokerToControllerRequestThread)
[2022-08-11 17:29:33,764] INFO Broker to controller channel manager for forwarding shutdown (kafka.server.BrokerToControllerChannelManagerImpl)
[2022-08-11 17:29:33,764] INFO Shutting down. (kafka.log.LogManager)
[2022-08-11 17:29:33,841] INFO [ProducerStateManager partition=__consumer_offsets-43] Wrote producer snapshot at offset 3 with 0 producer ids in 20 ms. (kafka.log.ProducerStateManager)
[2022-08-11 17:29:34,265] INFO [ProducerStateManager partition=connect-status-4] Wrote producer snapshot at offset 4 with 0 producer ids in 5 ms. (kafka.log.ProducerStateManager)
[2022-08-11 17:29:34,405] INFO [ProducerStateManager partition=__consumer_offsets-49] Wrote producer snapshot at offset 2 with 0 producer ids in 35 ms. (kafka.log.ProducerStateManager)
[2022-08-11 17:29:34,997] INFO [ProducerStateManager partition=quickstart-events-0] Wrote producer snapshot at offset 10 with 1 producer ids in 21 ms. (kafka.log.ProducerStateManager)
[2022-08-11 17:29:35,107] INFO [ProducerStateManager partition=my_topic_users-0] Wrote producer snapshot at offset 7 with 1 producer ids in 19 ms. (kafka.log.ProducerStateManager)
[2022-08-11 17:29:35,146] INFO [ProducerStateManager partition=connect-offsets-1] Wrote producer snapshot at offset 5 with 0 producer ids in 18 ms. (kafka.log.ProducerStateManager)
[2022-08-11 17:29:35,223] INFO [ProducerStateManager partition=connect-configs-0] Wrote producer snapshot at offset 24 with 0 producer ids in 18 ms. (kafka.log.ProducerStateManager)
[2022-08-11 17:29:35,761] INFO [ProducerStateManager partition=__consumer_offsets-13] Wrote producer snapshot at offset 22 with 0 producer ids in 19 ms. (kafka.log.ProducerStateManager)
[2022-08-11 17:29:36,072] INFO [ProducerStateManager partition=__consumer_offsets-37] Wrote producer snapshot at offset 3 with 0 producer ids in 18 ms. (kafka.log.ProducerStateManager)
[2022-08-11 17:29:36,257] INFO [ProducerStateManager partition=connect-status-1] Wrote producer snapshot at offset 7 with 0 producer ids in 18 ms. (kafka.log.ProducerStateManager)
[2022-08-11 17:29:36,469] INFO [ProducerStateManager partition=connect-status-3] Wrote producer snapshot at offset 19 with 0 producer ids in 19 ms. (kafka.log.ProducerStateManager)
[2022-08-11 17:29:36,580] INFO [ProducerStateManager partition=__consumer_offsets-16] Wrote producer snapshot at offset 8 with 0 producer ids in 18 ms. (kafka.log.ProducerStateManager)
[2022-08-11 17:29:36,985] INFO [ProducerStateManager partition=__consumer_offsets-46] Wrote producer snapshot at offset 3 with 0 producer ids in 23 ms. (kafka.log.ProducerStateManager)
[2022-08-11 17:29:37,251] INFO Shutdown complete. (kafka.log.LogManager)
[2022-08-11 17:29:37,274] INFO [feature-zk-node-event-process-thread]: Shutting down (kafka.server.FinalizedFeatureChangeListener$ChangeNotificationProcessorThread)
[2022-08-11 17:29:37,274] INFO [feature-zk-node-event-process-thread]: Shutdown completed (kafka.server.FinalizedFeatureChangeListener$ChangeNotificationProcessorThread)
[2022-08-11 17:29:37,274] INFO [feature-zk-node-event-process-thread]: Stopped (kafka.server.FinalizedFeatureChangeListener$ChangeNotificationProcessorThread)
[2022-08-11 17:29:37,277] INFO [ZooKeeperClient Kafka server] Closing. (kafka.zookeeper.ZooKeeperClient)
[2022-08-11 17:29:37,434] INFO Session: 0x100014d96680000 closed (org.apache.zookeeper.ZooKeeper)
[2022-08-11 17:29:37,434] INFO EventThread shut down for session: 0x100014d96680000 (org.apache.zookeeper.ClientCnxn)
[2022-08-11 17:29:37,439] INFO [ZooKeeperClient Kafka server] Closed. (kafka.zookeeper.ZooKeeperClient)
[2022-08-11 17:29:37,440] INFO [ThrottledChannelReaper-Fetch]: Shutting down (kafka.server.ClientQuotaManager$ThrottledChannelReaper)
[2022-08-11 17:29:37,442] INFO [ThrottledChannelReaper-Fetch]: Stopped (kafka.server.ClientQuotaManager$ThrottledChannelReaper)
[2022-08-11 17:29:37,442] INFO [ThrottledChannelReaper-Fetch]: Shutdown completed (kafka.server.ClientQuotaManager$ThrottledChannelReaper)
[2022-08-11 17:29:37,442] INFO [ThrottledChannelReaper-Produce]: Shutting down (kafka.server.ClientQuotaManager$ThrottledChannelReaper)
[2022-08-11 17:29:37,443] INFO [ThrottledChannelReaper-Produce]: Stopped (kafka.server.ClientQuotaManager$ThrottledChannelReaper)
[2022-08-11 17:29:37,443] INFO [ThrottledChannelReaper-Produce]: Shutdown completed (kafka.server.ClientQuotaManager$ThrottledChannelReaper)
[2022-08-11 17:29:37,443] INFO [ThrottledChannelReaper-Request]: Shutting down (kafka.server.ClientQuotaManager$ThrottledChannelReaper)
[2022-08-11 17:29:37,443] INFO [ThrottledChannelReaper-Request]: Stopped (kafka.server.ClientQuotaManager$ThrottledChannelReaper)
[2022-08-11 17:29:37,443] INFO [ThrottledChannelReaper-Request]: Shutdown completed (kafka.server.ClientQuotaManager$ThrottledChannelReaper)
[2022-08-11 17:29:37,443] INFO [ThrottledChannelReaper-ControllerMutation]: Shutting down (kafka.server.ClientQuotaManager$ThrottledChannelReaper)
[2022-08-11 17:29:37,444] INFO [ThrottledChannelReaper-ControllerMutation]: Shutdown completed (kafka.server.ClientQuotaManager$ThrottledChannelReaper)
[2022-08-11 17:29:37,445] INFO [ThrottledChannelReaper-ControllerMutation]: Stopped (kafka.server.ClientQuotaManager$ThrottledChannelReaper)
[2022-08-11 17:29:37,445] INFO [SocketServer listenerType=ZK_BROKER, nodeId=0] Shutting down socket server (kafka.network.SocketServer)
[2022-08-11 17:29:37,474] INFO [SocketServer listenerType=ZK_BROKER, nodeId=0] Shutdown completed (kafka.network.SocketServer)
[2022-08-11 17:29:37,475] INFO Metrics scheduler closed (org.apache.kafka.common.metrics.Metrics)
[2022-08-11 17:29:37,475] INFO Closing reporter org.apache.kafka.common.metrics.JmxReporter (org.apache.kafka.common.metrics.Metrics)
[2022-08-11 17:29:37,475] INFO Metrics reporters closed (org.apache.kafka.common.metrics.Metrics)
[2022-08-11 17:29:37,478] INFO Broker and topic stats closed (kafka.server.BrokerTopicStats)
[2022-08-11 17:29:37,480] INFO App info kafka.server for 0 unregistered (org.apache.kafka.common.utils.AppInfoParser)
[2022-08-11 17:29:37,480] INFO [KafkaServer id=0] shut down completed (kafka.server.KafkaServer)
